# JRE version: Java(TM) SE Runtime Environment (8.0_191-b12) (build 1.8.0_191-b12)
# Java VM: Java HotSpot(TM) 64-Bit Server VM (25.191-b12 mixed mode windows-amd64 compressed oops)
Heap:
 PSYoungGen      total 57344K, used 15034K [0x0000000780a00000, 0x0000000785e00000, 0x00000007c0000000)
  eden space 49152K, 19% used [0x0000000780a00000,0x0000000781345ec8,0x0000000783a00000)
  from space 8192K, 67% used [0x0000000783a00000,0x0000000783f68cc8,0x0000000784200000)
  to   space 8192K, 0% used [0x0000000785600000,0x0000000785600000,0x0000000785e00000)
 ParOldGen       total 90624K, used 9643K [0x0000000701e00000, 0x0000000707680000, 0x0000000780a00000)
  object space 90624K, 10% used [0x0000000701e00000,0x000000070276aed0,0x0000000707680000)
 Metaspace       used 28124K, capacity 29290K, committed 29568K, reserved 1073152K
  class space    used 5201K, capacity 5477K, committed 5504K, reserved 1048576K
GC Heap History (8 events):
Event: 2.359 GC heap before
{Heap before GC invocations=1 (full 0):
 PSYoungGen      total 57344K, used 49152K [0x0000000780a00000, 0x0000000784a00000, 0x00000007c0000000)
  eden space 49152K, 100% used [0x0000000780a00000,0x0000000783a00000,0x0000000783a00000)
  from space 8192K, 0% used [0x0000000784200000,0x0000000784200000,0x0000000784a00000)
  to   space 8192K, 0% used [0x0000000783a00000,0x0000000783a00000,0x0000000784200000)
 ParOldGen       total 131072K, used 0K [0x0000000701e00000, 0x0000000709e00000, 0x0000000780a00000)
  object space 131072K, 0% used [0x0000000701e00000,0x0000000701e00000,0x0000000709e00000)
 Metaspace       used 13781K, capacity 14208K, committed 14464K, reserved 1060864K
  class space    used 2216K, capacity 2336K, committed 2432K, reserved 1048576K
Event: 2.373 GC heap after
Heap after GC invocations=1 (full 0):
 PSYoungGen      total 57344K, used 7607K [0x0000000780a00000, 0x0000000784a00000, 0x00000007c0000000)
  eden space 49152K, 0% used [0x0000000780a00000,0x0000000780a00000,0x0000000783a00000)
  from space 8192K, 92% used [0x0000000783a00000,0x000000078416dff0,0x0000000784200000)
  to   space 8192K, 0% used [0x0000000784200000,0x0000000784200000,0x0000000784a00000)
 ParOldGen       total 131072K, used 8K [0x0000000701e00000, 0x0000000709e00000, 0x0000000780a00000)
  object space 131072K, 0% used [0x0000000701e00000,0x0000000701e02000,0x0000000709e00000)
 Metaspace       used 13781K, capacity 14208K, committed 14464K, reserved 1060864K
  class space    used 2216K, capacity 2336K, committed 2432K, reserved 1048576K
}
Event: 3.946 GC heap before
{Heap before GC invocations=2 (full 0):
 PSYoungGen      total 57344K, used 50459K [0x0000000780a00000, 0x0000000784a00000, 0x00000007c0000000)
  eden space 49152K, 87% used [0x0000000780a00000,0x00000007833d8eb8,0x0000000783a00000)
  from space 8192K, 92% used [0x0000000783a00000,0x000000078416dff0,0x0000000784200000)
  to   space 8192K, 0% used [0x0000000784200000,0x0000000784200000,0x0000000784a00000)
 ParOldGen       total 131072K, used 8K [0x0000000701e00000, 0x0000000709e00000, 0x0000000780a00000)
  object space 131072K, 0% used [0x0000000701e00000,0x0000000701e02000,0x0000000709e00000)
 Metaspace       used 20591K, capacity 21124K, committed 21296K, reserved 1067008K
  class space    used 3733K, capacity 3870K, committed 3968K, reserved 1048576K
Event: 3.956 GC heap after
Heap after GC invocations=2 (full 0):
 PSYoungGen      total 57344K, used 8160K [0x0000000780a00000, 0x0000000784a00000, 0x00000007c0000000)
  eden space 49152K, 0% used [0x0000000780a00000,0x0000000780a00000,0x0000000783a00000)
  from space 8192K, 99% used [0x0000000784200000,0x00000007849f80a8,0x0000000784a00000)
  to   space 8192K, 0% used [0x0000000783a00000,0x0000000783a00000,0x0000000784200000)
 ParOldGen       total 131072K, used 1955K [0x0000000701e00000, 0x0000000709e00000, 0x0000000780a00000)
  object space 131072K, 1% used [0x0000000701e00000,0x0000000701fe8c28,0x0000000709e00000)
 Metaspace       used 20591K, capacity 21124K, committed 21296K, reserved 1067008K
  class space    used 3733K, capacity 3870K, committed 3968K, reserved 1048576K
}
Event: 3.956 GC heap before
{Heap before GC invocations=3 (full 1):
 PSYoungGen      total 57344K, used 8160K [0x0000000780a00000, 0x0000000784a00000, 0x00000007c0000000)
  eden space 49152K, 0% used [0x0000000780a00000,0x0000000780a00000,0x0000000783a00000)
  from space 8192K, 99% used [0x0000000784200000,0x00000007849f80a8,0x0000000784a00000)
  to   space 8192K, 0% used [0x0000000783a00000,0x0000000783a00000,0x0000000784200000)
 ParOldGen       total 131072K, used 1955K [0x0000000701e00000, 0x0000000709e00000, 0x0000000780a00000)
  object space 131072K, 1% used [0x0000000701e00000,0x0000000701fe8c28,0x0000000709e00000)
 Metaspace       used 20591K, capacity 21124K, committed 21296K, reserved 1067008K
  class space    used 3733K, capacity 3870K, committed 3968K, reserved 1048576K
Event: 3.990 GC heap after
Heap after GC invocations=3 (full 1):
 PSYoungGen      total 57344K, used 0K [0x0000000780a00000, 0x0000000784a00000, 0x00000007c0000000)
  eden space 49152K, 0% used [0x0000000780a00000,0x0000000780a00000,0x0000000783a00000)
  from space 8192K, 0% used [0x0000000784200000,0x0000000784200000,0x0000000784a00000)
  to   space 8192K, 0% used [0x0000000783a00000,0x0000000783a00000,0x0000000784200000)
 ParOldGen       total 90624K, used 9635K [0x0000000701e00000, 0x0000000707680000, 0x0000000780a00000)
  object space 90624K, 10% used [0x0000000701e00000,0x0000000702768ed0,0x0000000707680000)
 Metaspace       used 20591K, capacity 21124K, committed 21296K, reserved 1067008K
  class space    used 3733K, capacity 3870K, committed 3968K, reserved 1048576K
}
Event: 4.953 GC heap before
{Heap before GC invocations=4 (full 1):
 PSYoungGen      total 57344K, used 49152K [0x0000000780a00000, 0x0000000784a00000, 0x00000007c0000000)
  eden space 49152K, 100% used [0x0000000780a00000,0x0000000783a00000,0x0000000783a00000)
  from space 8192K, 0% used [0x0000000784200000,0x0000000784200000,0x0000000784a00000)
  to   space 8192K, 0% used [0x0000000783a00000,0x0000000783a00000,0x0000000784200000)
 ParOldGen       total 90624K, used 9635K [0x0000000701e00000, 0x0000000707680000, 0x0000000780a00000)
  object space 90624K, 10% used [0x0000000701e00000,0x0000000702768ed0,0x0000000707680000)
 Metaspace       used 26028K, capacity 27144K, committed 27264K, reserved 1071104K
  class space    used 4904K, capacity 5148K, committed 5248K, reserved 1048576K
Event: 4.959 GC heap after
Heap after GC invocations=4 (full 1):
 PSYoungGen      total 57344K, used 5539K [0x0000000780a00000, 0x0000000785e00000, 0x00000007c0000000)
  eden space 49152K, 0% used [0x0000000780a00000,0x0000000780a00000,0x0000000783a00000)
  from space 8192K, 67% used [0x0000000783a00000,0x0000000783f68cc8,0x0000000784200000)
  to   space 8192K, 0% used [0x0000000785600000,0x0000000785600000,0x0000000785e00000)
 ParOldGen       total 90624K, used 9643K [0x0000000701e00000, 0x0000000707680000, 0x0000000780a00000)
  object space 90624K, 10% used [0x0000000701e00000,0x000000070276aed0,0x0000000707680000)
 Metaspace       used 26028K, capacity 27144K, committed 27264K, reserved 1071104K
  class space    used 4904K, capacity 5148K, committed 5248K, reserved 1048576K
}

