# JRE version: Java(TM) SE Runtime Environment (8.0_191-b12) (build 1.8.0_191-b12)
# Java VM: Java HotSpot(TM) 64-Bit Server VM (25.191-b12 mixed mode windows-amd64 compressed oops)
Heap:
 PSYoungGen      total 57344K, used 29651K [0x0000000780a00000, 0x0000000785d00000, 0x00000007c0000000)
  eden space 49152K, 48% used [0x0000000780a00000,0x000000078217f520,0x0000000783a00000)
  from space 8192K, 68% used [0x0000000783a00000,0x0000000783f75a78,0x0000000784200000)
  to   space 8192K, 0% used [0x0000000785500000,0x0000000785500000,0x0000000785d00000)
 ParOldGen       total 90112K, used 9640K [0x0000000701e00000, 0x0000000707600000, 0x0000000780a00000)
  object space 90112K, 10% used [0x0000000701e00000,0x000000070276a0a8,0x0000000707600000)
 Metaspace       used 29868K, capacity 31060K, committed 31360K, reserved 1075200K
  class space    used 5453K, capacity 5716K, committed 5760K, reserved 1048576K
GC Heap History (8 events):
Event: 1.737 GC heap before
{Heap before GC invocations=1 (full 0):
 PSYoungGen      total 57344K, used 49152K [0x0000000780a00000, 0x0000000784a00000, 0x00000007c0000000)
  eden space 49152K, 100% used [0x0000000780a00000,0x0000000783a00000,0x0000000783a00000)
  from space 8192K, 0% used [0x0000000784200000,0x0000000784200000,0x0000000784a00000)
  to   space 8192K, 0% used [0x0000000783a00000,0x0000000783a00000,0x0000000784200000)
 ParOldGen       total 131072K, used 0K [0x0000000701e00000, 0x0000000709e00000, 0x0000000780a00000)
  object space 131072K, 0% used [0x0000000701e00000,0x0000000701e00000,0x0000000709e00000)
 Metaspace       used 13783K, capacity 14204K, committed 14464K, reserved 1060864K
  class space    used 2216K, capacity 2336K, committed 2432K, reserved 1048576K
Event: 1.744 GC heap after
Heap after GC invocations=1 (full 0):
 PSYoungGen      total 57344K, used 7630K [0x0000000780a00000, 0x0000000784a00000, 0x00000007c0000000)
  eden space 49152K, 0% used [0x0000000780a00000,0x0000000780a00000,0x0000000783a00000)
  from space 8192K, 93% used [0x0000000783a00000,0x0000000784173bf0,0x0000000784200000)
  to   space 8192K, 0% used [0x0000000784200000,0x0000000784200000,0x0000000784a00000)
 ParOldGen       total 131072K, used 16K [0x0000000701e00000, 0x0000000709e00000, 0x0000000780a00000)
  object space 131072K, 0% used [0x0000000701e00000,0x0000000701e04000,0x0000000709e00000)
 Metaspace       used 13783K, capacity 14204K, committed 14464K, reserved 1060864K
  class space    used 2216K, capacity 2336K, committed 2432K, reserved 1048576K
}
Event: 2.349 GC heap before
{Heap before GC invocations=2 (full 0):
 PSYoungGen      total 57344K, used 50482K [0x0000000780a00000, 0x0000000784a00000, 0x00000007c0000000)
  eden space 49152K, 87% used [0x0000000780a00000,0x00000007833d8f50,0x0000000783a00000)
  from space 8192K, 93% used [0x0000000783a00000,0x0000000784173bf0,0x0000000784200000)
  to   space 8192K, 0% used [0x0000000784200000,0x0000000784200000,0x0000000784a00000)
 ParOldGen       total 131072K, used 16K [0x0000000701e00000, 0x0000000709e00000, 0x0000000780a00000)
  object space 131072K, 0% used [0x0000000701e00000,0x0000000701e04000,0x0000000709e00000)
 Metaspace       used 20590K, capacity 21124K, committed 21296K, reserved 1067008K
  class space    used 3733K, capacity 3870K, committed 3968K, reserved 1048576K
Event: 2.358 GC heap after
Heap after GC invocations=2 (full 0):
 PSYoungGen      total 57344K, used 8188K [0x0000000780a00000, 0x0000000784a00000, 0x00000007c0000000)
  eden space 49152K, 0% used [0x0000000780a00000,0x0000000780a00000,0x0000000783a00000)
  from space 8192K, 99% used [0x0000000784200000,0x00000007849ff080,0x0000000784a00000)
  to   space 8192K, 0% used [0x0000000783a00000,0x0000000783a00000,0x0000000784200000)
 ParOldGen       total 131072K, used 1900K [0x0000000701e00000, 0x0000000709e00000, 0x0000000780a00000)
  object space 131072K, 1% used [0x0000000701e00000,0x0000000701fdb128,0x0000000709e00000)
 Metaspace       used 20590K, capacity 21124K, committed 21296K, reserved 1067008K
  class space    used 3733K, capacity 3870K, committed 3968K, reserved 1048576K
}
Event: 2.358 GC heap before
{Heap before GC invocations=3 (full 1):
 PSYoungGen      total 57344K, used 8188K [0x0000000780a00000, 0x0000000784a00000, 0x00000007c0000000)
  eden space 49152K, 0% used [0x0000000780a00000,0x0000000780a00000,0x0000000783a00000)
  from space 8192K, 99% used [0x0000000784200000,0x00000007849ff080,0x0000000784a00000)
  to   space 8192K, 0% used [0x0000000783a00000,0x0000000783a00000,0x0000000784200000)
 ParOldGen       total 131072K, used 1900K [0x0000000701e00000, 0x0000000709e00000, 0x0000000780a00000)
  object space 131072K, 1% used [0x0000000701e00000,0x0000000701fdb128,0x0000000709e00000)
 Metaspace       used 20590K, capacity 21124K, committed 21296K, reserved 1067008K
  class space    used 3733K, capacity 3870K, committed 3968K, reserved 1048576K
Event: 2.386 GC heap after
Heap after GC invocations=3 (full 1):
 PSYoungGen      total 57344K, used 0K [0x0000000780a00000, 0x0000000784a00000, 0x00000007c0000000)
  eden space 49152K, 0% used [0x0000000780a00000,0x0000000780a00000,0x0000000783a00000)
  from space 8192K, 0% used [0x0000000784200000,0x0000000784200000,0x0000000784a00000)
  to   space 8192K, 0% used [0x0000000783a00000,0x0000000783a00000,0x0000000784200000)
 ParOldGen       total 90112K, used 9632K [0x0000000701e00000, 0x0000000707600000, 0x0000000780a00000)
  object space 90112K, 10% used [0x0000000701e00000,0x00000007027680a8,0x0000000707600000)
 Metaspace       used 20590K, capacity 21124K, committed 21296K, reserved 1067008K
  class space    used 3733K, capacity 3870K, committed 3968K, reserved 1048576K
}
Event: 3.187 GC heap before
{Heap before GC invocations=4 (full 1):
 PSYoungGen      total 57344K, used 49152K [0x0000000780a00000, 0x0000000784a00000, 0x00000007c0000000)
  eden space 49152K, 100% used [0x0000000780a00000,0x0000000783a00000,0x0000000783a00000)
  from space 8192K, 0% used [0x0000000784200000,0x0000000784200000,0x0000000784a00000)
  to   space 8192K, 0% used [0x0000000783a00000,0x0000000783a00000,0x0000000784200000)
 ParOldGen       total 90112K, used 9632K [0x0000000701e00000, 0x0000000707600000, 0x0000000780a00000)
  object space 90112K, 10% used [0x0000000701e00000,0x00000007027680a8,0x0000000707600000)
 Metaspace       used 25931K, capacity 27020K, committed 27264K, reserved 1071104K
  class space    used 4896K, capacity 5136K, committed 5248K, reserved 1048576K
Event: 3.192 GC heap after
Heap after GC invocations=4 (full 1):
 PSYoungGen      total 57344K, used 5590K [0x0000000780a00000, 0x0000000785d00000, 0x00000007c0000000)
  eden space 49152K, 0% used [0x0000000780a00000,0x0000000780a00000,0x0000000783a00000)
  from space 8192K, 68% used [0x0000000783a00000,0x0000000783f75a78,0x0000000784200000)
  to   space 8192K, 0% used [0x0000000785500000,0x0000000785500000,0x0000000785d00000)
 ParOldGen       total 90112K, used 9640K [0x0000000701e00000, 0x0000000707600000, 0x0000000780a00000)
  object space 90112K, 10% used [0x0000000701e00000,0x000000070276a0a8,0x0000000707600000)
 Metaspace       used 25931K, capacity 27020K, committed 27264K, reserved 1071104K
  class space    used 4896K, capacity 5136K, committed 5248K, reserved 1048576K
}

